<?xml version="1.0" encoding="UTF-8"?>
<testng-results ignored="0" total="1" passed="1" failed="0" skipped="0">
  <reporter-output>
  </reporter-output>
  <suite started-at="2023-01-25T15:11:01 IST" name="Default suite" finished-at="2023-01-25T15:11:28 IST" duration-ms="26997">
    <groups>
    </groups>
    <test started-at="2023-01-25T15:11:01 IST" name="Default test" finished-at="2023-01-25T15:11:28 IST" duration-ms="26997">
      <class name="testng_POMusingDDFandUTILITY.validatUserName">
        <test-method is-config="true" signature="launchNeostoxApp()[pri:0, instance:testng_POMusingDDFandUTILITY.validatUserName@7f0eb4b4]" started-at="2023-01-25T15:11:01 IST" name="launchNeostoxApp" finished-at="2023-01-25T15:11:12 IST" duration-ms="10714" status="PASS">
          <reporter-output>
          </reporter-output>
        </test-method> <!-- launchNeostoxApp -->
        <test-method is-config="true" signature="loginToNeostox()[pri:0, instance:testng_POMusingDDFandUTILITY.validatUserName@7f0eb4b4]" started-at="2023-01-25T15:11:12 IST" name="loginToNeostox" finished-at="2023-01-25T15:11:23 IST" duration-ms="11002" status="PASS">
          <reporter-output>
          </reporter-output>
        </test-method> <!-- loginToNeostox -->
        <test-method signature="ValidateUserName()[pri:0, instance:testng_POMusingDDFandUTILITY.validatUserName@7f0eb4b4]" started-at="2023-01-25T15:11:23 IST" name="ValidateUserName" finished-at="2023-01-25T15:11:23 IST" duration-ms="348" status="PASS">
          <reporter-output>
          </reporter-output>
        </test-method> <!-- ValidateUserName -->
        <test-method is-config="true" signature="LogoutFromNeostox()[pri:0, instance:testng_POMusingDDFandUTILITY.validatUserName@7f0eb4b4]" started-at="2023-01-25T15:11:23 IST" name="LogoutFromNeostox" finished-at="2023-01-25T15:11:27 IST" duration-ms="3916" status="PASS">
          <reporter-output>
          </reporter-output>
        </test-method> <!-- LogoutFromNeostox -->
        <test-method is-config="true" signature="closeBrowser()[pri:0, instance:testng_POMusingDDFandUTILITY.validatUserName@7f0eb4b4]" started-at="2023-01-25T15:11:27 IST" name="closeBrowser" finished-at="2023-01-25T15:11:28 IST" duration-ms="923" status="PASS">
          <reporter-output>
          </reporter-output>
        </test-method> <!-- closeBrowser -->
      </class> <!-- testng_POMusingDDFandUTILITY.validatUserName -->
    </test> <!-- Default test -->
  </suite> <!-- Default suite -->
</testng-results>
